[0m14:35:51.290826 [debug] [MainThread]: Sending event: {'category': 'dbt', 'action': 'invocation', 'label': 'start', 'context': [<snowplow_tracker.self_describing_json.SelfDescribingJson object at 0x00000193A9AF2E50>, <snowplow_tracker.self_describing_json.SelfDescribingJson object at 0x00000193AD09EED0>, <snowplow_tracker.self_describing_json.SelfDescribingJson object at 0x00000193AE3B65D0>]}


============================== 14:35:51.309431 | 05a7392f-1699-407e-9772-d5816bdf759d ==============================
[0m14:35:51.309431 [info ] [MainThread]: Running with dbt=1.11.10
[0m14:35:51.311427 [debug] [MainThread]: running dbt with arguments {'static_parser': 'True', 'no_print': 'None', 'version_check': 'True', 'warn_error_options': 'WarnErrorOptionsV2(error=[], warn=[], silence=[])', 'target_path': 'None', 'printer_width': '80', 'write_json': 'True', 'empty': 'None', 'log_cache_events': 'False', 'introspect': 'True', 'cache_selected_only': 'False', 'fail_fast': 'False', 'debug': 'False', 'log_format': 'default', 'profiles_dir': 'C:\\Users\\omere\\.dbt', 'send_anonymous_usage_stats': 'True', 'quiet': 'False', 'warn_error': 'None', 'partial_parse': 'True', 'invocation_command': 'dbt init edgar_dbt', 'indirect_selection': 'eager', 'use_colors': 'True', 'use_experimental_parser': 'False', 'log_path': 'logs'}
[0m14:35:51.347724 [info ] [MainThread]: Creating dbt configuration folder at C:\Users\omere\.dbt
[0m14:35:51.347724 [debug] [MainThread]: Starter project path: C:\Users\omere\Desktop\sec edgar\sec_edgar\edgar_pipeline\dbt\.venv311\Lib\site-packages\dbt\include\starter_project
[0m14:35:51.389889 [info ] [MainThread]: 
Your new dbt project "edgar_dbt" was created!

For more information on how to configure the profiles.yml file,
please consult the dbt documentation here:

  https://docs.getdbt.com/docs/configure-your-profile

One more thing:

Need help? Don't hesitate to reach out to us via GitHub issues or on Slack:

  https://community.getdbt.com/

Happy modeling!

[0m14:35:51.392020 [info ] [MainThread]: Setting up your profile.
[0m14:39:01.867393 [info ] [MainThread]: Profile edgar_dbt written to C:\Users\omere\.dbt\profiles.yml using target's profile_template.yml and your supplied values. Run 'dbt debug' to validate the connection.
[0m14:39:01.869474 [debug] [MainThread]: Command `dbt init` succeeded at 14:39:01.869474 after 190.83 seconds
[0m14:39:01.869474 [debug] [MainThread]: Sending event: {'category': 'dbt', 'action': 'invocation', 'label': 'end', 'context': [<snowplow_tracker.self_describing_json.SelfDescribingJson object at 0x00000193AE420390>, <snowplow_tracker.self_describing_json.SelfDescribingJson object at 0x00000193A68E55D0>, <snowplow_tracker.self_describing_json.SelfDescribingJson object at 0x00000193AD3126D0>]}
[0m14:39:01.869474 [debug] [MainThread]: Flushing usage events
[0m14:39:03.514712 [debug] [MainThread]: An error was encountered while trying to flush usage events
[0m14:43:37.352672 [debug] [MainThread]: Sending event: {'category': 'dbt', 'action': 'invocation', 'label': 'start', 'context': [<snowplow_tracker.self_describing_json.SelfDescribingJson object at 0x00000231B6B39E90>, <snowplow_tracker.self_describing_json.SelfDescribingJson object at 0x00000231B581EDD0>, <snowplow_tracker.self_describing_json.SelfDescribingJson object at 0x00000231B6B3A190>]}


============================== 14:43:37.352672 | 09efe5f6-4be1-407e-bd2a-144c5cf1ca68 ==============================
[0m14:43:37.352672 [info ] [MainThread]: Running with dbt=1.11.10
[0m14:43:37.362422 [debug] [MainThread]: running dbt with arguments {'version_check': 'True', 'no_print': 'None', 'static_parser': 'True', 'target_path': 'None', 'warn_error_options': 'WarnErrorOptionsV2(error=[], warn=[], silence=[])', 'printer_width': '80', 'write_json': 'True', 'introspect': 'True', 'log_cache_events': 'False', 'empty': 'None', 'cache_selected_only': 'False', 'fail_fast': 'False', 'debug': 'False', 'log_format': 'default', 'profiles_dir': 'C:\\Users\\omere\\.dbt', 'send_anonymous_usage_stats': 'True', 'quiet': 'False', 'warn_error': 'None', 'partial_parse': 'True', 'invocation_command': 'dbt debug', 'use_colors': 'True', 'indirect_selection': 'eager', 'use_experimental_parser': 'False', 'log_path': 'logs'}
[0m14:43:37.392529 [info ] [MainThread]: dbt version: 1.11.10
[0m14:43:37.392529 [info ] [MainThread]: python version: 3.11.9
[0m14:43:37.392529 [info ] [MainThread]: python path: C:\Users\omere\Desktop\sec edgar\sec_edgar\edgar_pipeline\dbt\.venv311\Scripts\python.exe
[0m14:43:37.402719 [info ] [MainThread]: os info: Windows-10-10.0.19045-SP0
[0m14:43:39.597751 [info ] [MainThread]: Using profiles dir at C:\Users\omere\.dbt
[0m14:43:39.597751 [info ] [MainThread]: Using profiles.yml file at C:\Users\omere\.dbt\profiles.yml
[0m14:43:39.597751 [info ] [MainThread]: Using dbt_project.yml file at C:\Users\omere\Desktop\sec edgar\sec_edgar\edgar_pipeline\dbt\dbt_project.yml
[0m14:43:39.597751 [info ] [MainThread]: adapter type: bigquery
[0m14:43:39.597751 [info ] [MainThread]: adapter version: 1.11.1
[0m14:43:39.597751 [info ] [MainThread]: Configuration:
[0m14:43:39.597751 [info ] [MainThread]:   profiles.yml file [[32mOK found and valid[0m]
[0m14:43:39.613836 [info ] [MainThread]:   dbt_project.yml file [[31mERROR not found[0m]
[0m14:43:39.614834 [info ] [MainThread]: Required dependencies:
[0m14:43:39.615831 [debug] [MainThread]: Executing "git --help"
[0m14:43:39.721471 [debug] [MainThread]: STDOUT: "b"usage: git [-v | --version] [-h | --help] [-C <path>] [-c <name>=<value>]\n           [--exec-path[=<path>]] [--html-path] [--man-path] [--info-path]\n           [-p | --paginate | -P | --no-pager] [--no-replace-objects] [--no-lazy-fetch]\n           [--no-optional-locks] [--no-advice] [--bare] [--git-dir=<path>]\n           [--work-tree=<path>] [--namespace=<name>] [--config-env=<name>=<envvar>]\n           <command> [<args>]\n\nThese are common Git commands used in various situations:\n\nstart a working area (see also: git help tutorial)\n   clone      Clone a repository into a new directory\n   init       Create an empty Git repository or reinitialize an existing one\n\nwork on the current change (see also: git help everyday)\n   add        Add file contents to the index\n   mv         Move or rename a file, a directory, or a symlink\n   restore    Restore working tree files\n   rm         Remove files from the working tree and from the index\n\nexamine the history and state (see also: git help revisions)\n   bisect     Use binary search to find the commit that introduced a bug\n   diff       Show changes between commits, commit and working tree, etc\n   grep       Print lines matching a pattern\n   log        Show commit logs\n   show       Show various types of objects\n   status     Show the working tree status\n\ngrow, mark and tweak your common history\n   backfill   Download missing objects in a partial clone\n   branch     List, create, or delete branches\n   commit     Record changes to the repository\n   merge      Join two or more development histories together\n   rebase     Reapply commits on top of another base tip\n   reset      Reset current HEAD to the specified state\n   switch     Switch branches\n   tag        Create, list, delete or verify tags\n\ncollaborate (see also: git help workflows)\n   fetch      Download objects and refs from another repository\n   pull       Fetch from and integrate with another repository or a local branch\n   push       Update remote refs along with associated objects\n\n'git help -a' and 'git help -g' list available subcommands and some\nconcept guides. See 'git help <command>' or 'git help <concept>'\nto read about a specific subcommand or concept.\nSee 'git help git' for an overview of the system.\n""
[0m14:43:39.723468 [debug] [MainThread]: STDERR: "b''"
[0m14:43:39.724493 [info ] [MainThread]:  - git [[32mOK found[0m]

[0m14:43:39.724493 [info ] [MainThread]: Connection:
[0m14:43:39.724493 [info ] [MainThread]:   method: oauth
[0m14:43:39.724493 [info ] [MainThread]:   database: project-0ed3a844-6161-46a7-823
[0m14:43:39.724493 [info ] [MainThread]:   execution_project: project-0ed3a844-6161-46a7-823
[0m14:43:39.724493 [info ] [MainThread]:   schema: mart
[0m14:43:39.724493 [info ] [MainThread]:   location: EU
[0m14:43:39.724493 [info ] [MainThread]:   priority: interactive
[0m14:43:39.732092 [info ] [MainThread]:   maximum_bytes_billed: None
[0m14:43:39.733090 [info ] [MainThread]:   impersonate_service_account: None
[0m14:43:39.734085 [info ] [MainThread]:   job_retry_deadline_seconds: None
[0m14:43:39.735082 [info ] [MainThread]:   job_retries: 1
[0m14:43:39.736080 [info ] [MainThread]:   job_creation_timeout_seconds: None
[0m14:43:39.737077 [info ] [MainThread]:   job_execution_timeout_seconds: 300
[0m14:43:39.738074 [info ] [MainThread]:   timeout_seconds: 300
[0m14:43:39.739712 [info ] [MainThread]:   client_id: None
[0m14:43:39.740712 [info ] [MainThread]:   token_uri: None
[0m14:43:39.741707 [info ] [MainThread]:   compute_region: None
[0m14:43:39.743468 [info ] [MainThread]:   dataproc_cluster_name: None
[0m14:43:39.744465 [info ] [MainThread]:   gcs_bucket: None
[0m14:43:39.745462 [info ] [MainThread]:   dataproc_batch: None
[0m14:43:39.746460 [info ] [MainThread]: Registered adapter: bigquery=1.11.1
[0m14:43:41.456506 [debug] [MainThread]: Acquiring new bigquery connection 'debug'
[0m14:43:41.457503 [debug] [MainThread]: On debug: select 1 as id
[0m14:43:41.457503 [debug] [MainThread]: Opening a new connection, currently in state init
[0m14:43:51.082942 [debug] [MainThread]: BigQuery adapter: https://console.cloud.google.com/bigquery?project=project-0ed3a844-6161-46a7-823&j=bq:EU:5ebf77e1-c610-4b41-9c79-9f7371582ed2&page=queryresults
[0m14:43:51.488409 [debug] [MainThread]: SQL status: OK in 0.403 seconds
[0m14:43:52.125259 [info ] [MainThread]:   Connection test: [[32mOK connection ok[0m]

[0m14:43:52.125259 [info ] [MainThread]: [31m1 check failed:[0m
[0m14:43:52.125259 [info ] [MainThread]: Project loading failed for the following reason:
 project path <C:\Users\omere\Desktop\sec edgar\sec_edgar\edgar_pipeline\dbt\dbt_project.yml> not found

[0m14:43:52.125259 [debug] [MainThread]: Command `dbt debug` failed at 14:43:52.125259 after 15.01 seconds
[0m14:43:52.133279 [debug] [MainThread]: Connection 'debug' was properly closed.
[0m14:43:52.133279 [debug] [MainThread]: Sending event: {'category': 'dbt', 'action': 'invocation', 'label': 'end', 'context': [<snowplow_tracker.self_describing_json.SelfDescribingJson object at 0x00000231AF04D710>, <snowplow_tracker.self_describing_json.SelfDescribingJson object at 0x00000231AED9F790>, <snowplow_tracker.self_describing_json.SelfDescribingJson object at 0x00000231AED9F750>]}
[0m14:43:52.133279 [debug] [MainThread]: Flushing usage events
[0m14:43:53.580165 [debug] [MainThread]: An error was encountered while trying to flush usage events
